# JRE version: Java(TM) SE Runtime Environment (17.0.11+7) (build 17.0.11+7-LTS-207)
# Java VM: Java HotSpot(TM) 64-Bit Server VM (17.0.11+7-LTS-207, mixed mode, sharing, tiered, compressed class ptrs, z gc, bsd-amd64)
Heap:
 ZHeap           used 188M, capacity 402M, max capacity 8192M
 Metaspace       used 61113K, committed 62080K, reserved 1114112K
  class space    used 6738K, committed 7360K, reserved 1048576K
GC Heap History (20 events):
Event: 71190.734 GC heap before
{Heap before GC invocations=209 (full 209):
 ZHeap           used 388M, capacity 392M, max capacity 8192M
 Metaspace       used 61102K, committed 62080K, reserved 1114112K
  class space    used 6738K, committed 7360K, reserved 1048576K
}
Event: 71190.779 GC heap after
{Heap after GC invocations=210 (full 210):
 ZHeap           used 128M, capacity 392M, max capacity 8192M
 Metaspace       used 61102K, committed 62080K, reserved 1114112K
  class space    used 6738K, committed 7360K, reserved 1048576K
}
Event: 71490.835 GC heap before
{Heap before GC invocations=210 (full 210):
 ZHeap           used 394M, capacity 394M, max capacity 8192M
 Metaspace       used 61102K, committed 62080K, reserved 1114112K
  class space    used 6738K, committed 7360K, reserved 1048576K
}
Event: 71490.878 GC heap after
{Heap after GC invocations=211 (full 211):
 ZHeap           used 134M, capacity 394M, max capacity 8192M
 Metaspace       used 61102K, committed 62080K, reserved 1114112K
  class space    used 6738K, committed 7360K, reserved 1048576K
}
Event: 71790.937 GC heap before
{Heap before GC invocations=211 (full 211):
 ZHeap           used 396M, capacity 396M, max capacity 8192M
 Metaspace       used 61102K, committed 62080K, reserved 1114112K
  class space    used 6738K, committed 7360K, reserved 1048576K
}
Event: 71790.978 GC heap after
{Heap after GC invocations=212 (full 212):
 ZHeap           used 134M, capacity 396M, max capacity 8192M
 Metaspace       used 61102K, committed 62080K, reserved 1114112K
  class space    used 6738K, committed 7360K, reserved 1048576K
}
Event: 72091.035 GC heap before
{Heap before GC invocations=212 (full 212):
 ZHeap           used 348M, capacity 396M, max capacity 8192M
 Metaspace       used 61102K, committed 62080K, reserved 1114112K
  class space    used 6738K, committed 7360K, reserved 1048576K
}
Event: 72091.075 GC heap after
{Heap after GC invocations=213 (full 213):
 ZHeap           used 134M, capacity 396M, max capacity 8192M
 Metaspace       used 61102K, committed 62080K, reserved 1114112K
  class space    used 6738K, committed 7360K, reserved 1048576K
}
Event: 72391.137 GC heap before
{Heap before GC invocations=213 (full 213):
 ZHeap           used 398M, capacity 398M, max capacity 8192M
 Metaspace       used 61102K, committed 62080K, reserved 1114112K
  class space    used 6738K, committed 7360K, reserved 1048576K
}
Event: 72391.179 GC heap after
{Heap after GC invocations=214 (full 214):
 ZHeap           used 134M, capacity 398M, max capacity 8192M
 Metaspace       used 61102K, committed 62080K, reserved 1114112K
  class space    used 6738K, committed 7360K, reserved 1048576K
}
Event: 72691.231 GC heap before
{Heap before GC invocations=214 (full 214):
 ZHeap           used 396M, capacity 398M, max capacity 8192M
 Metaspace       used 61102K, committed 62080K, reserved 1114112K
  class space    used 6738K, committed 7360K, reserved 1048576K
}
Event: 72691.278 GC heap after
{Heap after GC invocations=215 (full 215):
 ZHeap           used 132M, capacity 398M, max capacity 8192M
 Metaspace       used 61102K, committed 62080K, reserved 1114112K
  class space    used 6738K, committed 7360K, reserved 1048576K
}
Event: 72991.332 GC heap before
{Heap before GC invocations=215 (full 215):
 ZHeap           used 396M, capacity 396M, max capacity 8192M
 Metaspace       used 61102K, committed 62080K, reserved 1114112K
  class space    used 6738K, committed 7360K, reserved 1048576K
}
Event: 72991.377 GC heap after
{Heap after GC invocations=216 (full 216):
 ZHeap           used 136M, capacity 396M, max capacity 8192M
 Metaspace       used 61102K, committed 62080K, reserved 1114112K
  class space    used 6738K, committed 7360K, reserved 1048576K
}
Event: 73291.434 GC heap before
{Heap before GC invocations=216 (full 216):
 ZHeap           used 396M, capacity 396M, max capacity 8192M
 Metaspace       used 61102K, committed 62080K, reserved 1114112K
  class space    used 6738K, committed 7360K, reserved 1048576K
}
Event: 73291.476 GC heap after
{Heap after GC invocations=217 (full 217):
 ZHeap           used 136M, capacity 396M, max capacity 8192M
 Metaspace       used 61102K, committed 62080K, reserved 1114112K
  class space    used 6738K, committed 7360K, reserved 1048576K
}
Event: 73591.534 GC heap before
{Heap before GC invocations=217 (full 217):
 ZHeap           used 398M, capacity 398M, max capacity 8192M
 Metaspace       used 61113K, committed 62080K, reserved 1114112K
  class space    used 6738K, committed 7360K, reserved 1048576K
}
Event: 73591.582 GC heap after
{Heap after GC invocations=218 (full 218):
 ZHeap           used 136M, capacity 398M, max capacity 8192M
 Metaspace       used 61113K, committed 62080K, reserved 1114112K
  class space    used 6738K, committed 7360K, reserved 1048576K
}
Event: 73891.634 GC heap before
{Heap before GC invocations=218 (full 218):
 ZHeap           used 400M, capacity 400M, max capacity 8192M
 Metaspace       used 61113K, committed 62080K, reserved 1114112K
  class space    used 6738K, committed 7360K, reserved 1048576K
}
Event: 73891.679 GC heap after
{Heap after GC invocations=219 (full 219):
 ZHeap           used 136M, capacity 402M, max capacity 8192M
 Metaspace       used 61113K, committed 62080K, reserved 1114112K
  class space    used 6738K, committed 7360K, reserved 1048576K
}

