# JRE version: Java(TM) SE Runtime Environment (17.0.11+7) (build 17.0.11+7-LTS-207)
# Java VM: Java HotSpot(TM) 64-Bit Server VM (17.0.11+7-LTS-207, mixed mode, sharing, tiered, compressed class ptrs, z gc, bsd-amd64)
Heap:
 ZHeap           used 118M, capacity 130M, max capacity 8192M
 Metaspace       used 119058K, committed 120640K, reserved 1179648K
  class space    used 13971K, committed 14976K, reserved 1048576K
GC Heap History (20 events):
Event: 89933.591 GC heap before
{Heap before GC invocations=270 (full 270):
 ZHeap           used 124M, capacity 126M, max capacity 8192M
 Metaspace       used 119058K, committed 120640K, reserved 1179648K
  class space    used 13971K, committed 14976K, reserved 1048576K
}
Event: 89933.637 GC heap after
{Heap after GC invocations=271 (full 271):
 ZHeap           used 104M, capacity 130M, max capacity 8192M
 Metaspace       used 119058K, committed 120640K, reserved 1179648K
  class space    used 13971K, committed 14976K, reserved 1048576K
}
Event: 90233.691 GC heap before
{Heap before GC invocations=271 (full 271):
 ZHeap           used 122M, capacity 130M, max capacity 8192M
 Metaspace       used 119058K, committed 120640K, reserved 1179648K
  class space    used 13971K, committed 14976K, reserved 1048576K
}
Event: 90233.726 GC heap after
{Heap after GC invocations=272 (full 272):
 ZHeap           used 104M, capacity 130M, max capacity 8192M
 Metaspace       used 119058K, committed 120640K, reserved 1179648K
  class space    used 13971K, committed 14976K, reserved 1048576K
}
Event: 90533.791 GC heap before
{Heap before GC invocations=272 (full 272):
 ZHeap           used 124M, capacity 124M, max capacity 8192M
 Metaspace       used 119058K, committed 120640K, reserved 1179648K
  class space    used 13971K, committed 14976K, reserved 1048576K
}
Event: 90533.822 GC heap after
{Heap after GC invocations=273 (full 273):
 ZHeap           used 104M, capacity 130M, max capacity 8192M
 Metaspace       used 119058K, committed 120640K, reserved 1179648K
  class space    used 13971K, committed 14976K, reserved 1048576K
}
Event: 90833.891 GC heap before
{Heap before GC invocations=273 (full 273):
 ZHeap           used 126M, capacity 130M, max capacity 8192M
 Metaspace       used 119058K, committed 120640K, reserved 1179648K
  class space    used 13971K, committed 14976K, reserved 1048576K
}
Event: 90833.922 GC heap after
{Heap after GC invocations=274 (full 274):
 ZHeap           used 104M, capacity 130M, max capacity 8192M
 Metaspace       used 119058K, committed 120640K, reserved 1179648K
  class space    used 13971K, committed 14976K, reserved 1048576K
}
Event: 91133.992 GC heap before
{Heap before GC invocations=274 (full 274):
 ZHeap           used 128M, capacity 128M, max capacity 8192M
 Metaspace       used 119058K, committed 120640K, reserved 1179648K
  class space    used 13971K, committed 14976K, reserved 1048576K
}
Event: 91134.025 GC heap after
{Heap after GC invocations=275 (full 275):
 ZHeap           used 102M, capacity 130M, max capacity 8192M
 Metaspace       used 119058K, committed 120640K, reserved 1179648K
  class space    used 13971K, committed 14976K, reserved 1048576K
}
Event: 91434.091 GC heap before
{Heap before GC invocations=275 (full 275):
 ZHeap           used 126M, capacity 130M, max capacity 8192M
 Metaspace       used 119058K, committed 120640K, reserved 1179648K
  class space    used 13971K, committed 14976K, reserved 1048576K
}
Event: 91434.130 GC heap after
{Heap after GC invocations=276 (full 276):
 ZHeap           used 104M, capacity 130M, max capacity 8192M
 Metaspace       used 119058K, committed 120640K, reserved 1179648K
  class space    used 13971K, committed 14976K, reserved 1048576K
}
Event: 91734.187 GC heap before
{Heap before GC invocations=276 (full 276):
 ZHeap           used 128M, capacity 130M, max capacity 8192M
 Metaspace       used 119058K, committed 120640K, reserved 1179648K
  class space    used 13971K, committed 14976K, reserved 1048576K
}
Event: 91734.220 GC heap after
{Heap after GC invocations=277 (full 277):
 ZHeap           used 104M, capacity 130M, max capacity 8192M
 Metaspace       used 119058K, committed 120640K, reserved 1179648K
  class space    used 13971K, committed 14976K, reserved 1048576K
}
Event: 92034.287 GC heap before
{Heap before GC invocations=277 (full 277):
 ZHeap           used 126M, capacity 130M, max capacity 8192M
 Metaspace       used 119058K, committed 120640K, reserved 1179648K
  class space    used 13971K, committed 14976K, reserved 1048576K
}
Event: 92034.322 GC heap after
{Heap after GC invocations=278 (full 278):
 ZHeap           used 102M, capacity 130M, max capacity 8192M
 Metaspace       used 119058K, committed 120640K, reserved 1179648K
  class space    used 13971K, committed 14976K, reserved 1048576K
}
Event: 92334.388 GC heap before
{Heap before GC invocations=278 (full 278):
 ZHeap           used 126M, capacity 128M, max capacity 8192M
 Metaspace       used 119058K, committed 120640K, reserved 1179648K
  class space    used 13971K, committed 14976K, reserved 1048576K
}
Event: 92334.417 GC heap after
{Heap after GC invocations=279 (full 279):
 ZHeap           used 104M, capacity 128M, max capacity 8192M
 Metaspace       used 119058K, committed 120640K, reserved 1179648K
  class space    used 13971K, committed 14976K, reserved 1048576K
}
Event: 92634.487 GC heap before
{Heap before GC invocations=279 (full 279):
 ZHeap           used 126M, capacity 128M, max capacity 8192M
 Metaspace       used 119058K, committed 120640K, reserved 1179648K
  class space    used 13971K, committed 14976K, reserved 1048576K
}
Event: 92634.516 GC heap after
{Heap after GC invocations=280 (full 280):
 ZHeap           used 102M, capacity 130M, max capacity 8192M
 Metaspace       used 119058K, committed 120640K, reserved 1179648K
  class space    used 13971K, committed 14976K, reserved 1048576K
}

